18:29:45.122  INFO  manager.ApplicationManager - All Tests run in Chrome Driver ------>
18:29:56.318  INFO  manager.ApplicationManager - Current Url --->https://ilcarro-1578153671498.web.app/search
18:29:56.808  INFO  tests.TestBase - Start test with name ---->searchAnyPeriod
18:29:56.842  INFO  manager.MyListener - WebDriver start find element -->By.id: city
18:29:59.911  INFO  manager.MyListener - WebDriver start find element -->By.cssSelector: .pac-item
18:30:02.565  INFO  manager.MyListener - WebDriver start find element -->By.id: dates
18:30:03.614  INFO  manager.MyListener - WebDriver start find element -->By.id: dates
18:30:04.629  INFO  manager.MyListener - WebDriver start find element -->By.cssSelector: [aria-label='Next month']
18:30:05.651  INFO  manager.MyListener - WebDriver start find element -->By.xpath: //div[text()=' 10 ']
18:30:07.159  INFO  manager.MyListener - WebDriver start find element -->By.cssSelector: [aria-label='Next month']
18:30:07.522  INFO  manager.MyListener - WebDriver start find element -->By.cssSelector: [aria-label='Next month']
18:30:07.964  INFO  manager.MyListener - WebDriver start find element -->By.cssSelector: [aria-label='Next month']
18:30:08.599  INFO  manager.MyListener - WebDriver start find element -->By.cssSelector: [aria-label='Next month']
18:30:09.937  INFO  manager.MyListener - WebDriver start find element -->By.cssSelector: [aria-label='Next month']
18:30:10.277  INFO  manager.MyListener - WebDriver start find element -->By.cssSelector: [aria-label='Next month']
18:30:10.599  INFO  manager.MyListener - WebDriver start find element -->By.cssSelector: [aria-label='Next month']
18:30:11.333  INFO  manager.MyListener - WebDriver start find element -->By.xpath: //div[text()=' 20 ']
18:30:12.929  INFO  manager.MyListener - WebDriver start find element -->By.cssSelector: button[type='submit']
18:30:14.107  INFO  manager.MyListener - WebDriver start find element -->By.cssSelector: button[type='submit']
18:30:16.941  INFO  manager.MyListener - New Before find by --> By.cssSelector: .car-img-container.ng-star-inserted
18:30:27.368  INFO  tests.TestBase - Start test with name ---->searchCurrentMonth
18:30:27.373  INFO  manager.MyListener - WebDriver start find element -->By.id: city
18:30:32.283  INFO  manager.MyListener - WebDriver start find element -->By.cssSelector: .pac-item
18:30:33.114  INFO  manager.MyListener - WebDriver start find element -->By.id: dates
18:30:38.269  INFO  manager.MyListener - The name of method with error -->findElement
18:30:38.322  INFO  manager.MyListener - We have a problem ---> org.openqa.selenium.NoSuchElementException: no such element: Unable to locate element: {"method":"css selector","selector":"#dates"}
  (Session info: chrome=103.0.5060.114)
For documentation on this error, please visit: https://selenium.dev/exceptions/#no_such_element
Build info: version: '4.2.2', revision: '683ccb65d6'
System info: host: 'ALEXPC', ip: '192.168.1.108', os.name: 'Windows 8.1', os.arch: 'amd64', os.version: '6.3', java.version: '11.0.15.1'
Driver info: org.openqa.selenium.chrome.ChromeDriver
Command: [db155a317781c74382e18b9d2689ca9c, findElement {using=id, value=dates}]
Capabilities {acceptInsecureCerts: false, browserName: chrome, browserVersion: 103.0.5060.114, chrome: {chromedriverVersion: 103.0.5060.53 (a1711811edd7..., userDataDir: C:\Users\alex\AppData\Local...}, goog:chromeOptions: {debuggerAddress: localhost:64946}, networkConnectionEnabled: false, pageLoadStrategy: normal, platformName: WINDOWS, proxy: Proxy(), se:cdp: ws://localhost:64946/devtoo..., se:cdpVersion: 103.0.5060.114, setWindowRect: true, strictFileInteractability: false, timeouts: {implicit: 0, pageLoad: 300000, script: 30000}, unhandledPromptBehavior: dismiss and notify, webauthn:extension:credBlob: true, webauthn:extension:largeBlob: true, webauthn:virtualAuthenticators: true}
Session ID: db155a317781c74382e18b9d2689ca9c
18:30:38.439  INFO  tests.TestBase - Start test with name ---->searchCurrentYear
18:30:38.441  INFO  manager.MyListener - WebDriver start find element -->By.id: city
18:30:42.486  INFO  manager.MyListener - WebDriver start find element -->By.cssSelector: .pac-item
18:30:42.664  INFO  manager.MyListener - WebDriver start find element -->By.id: dates
18:30:47.731  INFO  manager.MyListener - The name of method with error -->findElement
18:30:47.732  INFO  manager.MyListener - We have a problem ---> org.openqa.selenium.NoSuchElementException: no such element: Unable to locate element: {"method":"css selector","selector":"#dates"}
  (Session info: chrome=103.0.5060.114)
For documentation on this error, please visit: https://selenium.dev/exceptions/#no_such_element
Build info: version: '4.2.2', revision: '683ccb65d6'
System info: host: 'ALEXPC', ip: '192.168.1.108', os.name: 'Windows 8.1', os.arch: 'amd64', os.version: '6.3', java.version: '11.0.15.1'
Driver info: org.openqa.selenium.chrome.ChromeDriver
Command: [db155a317781c74382e18b9d2689ca9c, findElement {using=id, value=dates}]
Capabilities {acceptInsecureCerts: false, browserName: chrome, browserVersion: 103.0.5060.114, chrome: {chromedriverVersion: 103.0.5060.53 (a1711811edd7..., userDataDir: C:\Users\alex\AppData\Local...}, goog:chromeOptions: {debuggerAddress: localhost:64946}, networkConnectionEnabled: false, pageLoadStrategy: normal, platformName: WINDOWS, proxy: Proxy(), se:cdp: ws://localhost:64946/devtoo..., se:cdpVersion: 103.0.5060.114, setWindowRect: true, strictFileInteractability: false, timeouts: {implicit: 0, pageLoad: 300000, script: 30000}, unhandledPromptBehavior: dismiss and notify, webauthn:extension:credBlob: true, webauthn:extension:largeBlob: true, webauthn:virtualAuthenticators: true}
Session ID: db155a317781c74382e18b9d2689ca9c
18:30:47.747  INFO  tests.TestBase - Start test with name ---->searchCurrentYearLocalDate
18:30:47.752  INFO  manager.MyListener - WebDriver start find element -->By.id: city
18:30:50.216  INFO  manager.MyListener - WebDriver start find element -->By.cssSelector: .pac-item
18:30:52.603  INFO  manager.MyListener - WebDriver start find element -->By.id: dates
18:30:57.666  INFO  manager.MyListener - The name of method with error -->findElement
18:30:57.667  INFO  manager.MyListener - We have a problem ---> org.openqa.selenium.NoSuchElementException: no such element: Unable to locate element: {"method":"css selector","selector":"#dates"}
  (Session info: chrome=103.0.5060.114)
For documentation on this error, please visit: https://selenium.dev/exceptions/#no_such_element
Build info: version: '4.2.2', revision: '683ccb65d6'
System info: host: 'ALEXPC', ip: '192.168.1.108', os.name: 'Windows 8.1', os.arch: 'amd64', os.version: '6.3', java.version: '11.0.15.1'
Driver info: org.openqa.selenium.chrome.ChromeDriver
Command: [db155a317781c74382e18b9d2689ca9c, findElement {using=id, value=dates}]
Capabilities {acceptInsecureCerts: false, browserName: chrome, browserVersion: 103.0.5060.114, chrome: {chromedriverVersion: 103.0.5060.53 (a1711811edd7..., userDataDir: C:\Users\alex\AppData\Local...}, goog:chromeOptions: {debuggerAddress: localhost:64946}, networkConnectionEnabled: false, pageLoadStrategy: normal, platformName: WINDOWS, proxy: Proxy(), se:cdp: ws://localhost:64946/devtoo..., se:cdpVersion: 103.0.5060.114, setWindowRect: true, strictFileInteractability: false, timeouts: {implicit: 0, pageLoad: 300000, script: 30000}, unhandledPromptBehavior: dismiss and notify, webauthn:extension:credBlob: true, webauthn:extension:largeBlob: true, webauthn:virtualAuthenticators: true}
Session ID: db155a317781c74382e18b9d2689ca9c
18:30:57.690  INFO  tests.TestBase - Start test with name ---->searchPeriodPast
18:30:57.695  INFO  manager.MyListener - WebDriver start find element -->By.id: city
18:31:00.756  INFO  manager.MyListener - WebDriver start find element -->By.cssSelector: .pac-item
18:31:02.902  INFO  manager.MyListener - WebDriver start find element -->By.id: dates
18:31:07.922  INFO  manager.MyListener - The name of method with error -->findElement
18:31:07.923  INFO  manager.MyListener - We have a problem ---> org.openqa.selenium.NoSuchElementException: no such element: Unable to locate element: {"method":"css selector","selector":"#dates"}
  (Session info: chrome=103.0.5060.114)
For documentation on this error, please visit: https://selenium.dev/exceptions/#no_such_element
Build info: version: '4.2.2', revision: '683ccb65d6'
System info: host: 'ALEXPC', ip: '192.168.1.108', os.name: 'Windows 8.1', os.arch: 'amd64', os.version: '6.3', java.version: '11.0.15.1'
Driver info: org.openqa.selenium.chrome.ChromeDriver
Command: [db155a317781c74382e18b9d2689ca9c, findElement {using=id, value=dates}]
Capabilities {acceptInsecureCerts: false, browserName: chrome, browserVersion: 103.0.5060.114, chrome: {chromedriverVersion: 103.0.5060.53 (a1711811edd7..., userDataDir: C:\Users\alex\AppData\Local...}, goog:chromeOptions: {debuggerAddress: localhost:64946}, networkConnectionEnabled: false, pageLoadStrategy: normal, platformName: WINDOWS, proxy: Proxy(), se:cdp: ws://localhost:64946/devtoo..., se:cdpVersion: 103.0.5060.114, setWindowRect: true, strictFileInteractability: false, timeouts: {implicit: 0, pageLoad: 300000, script: 30000}, unhandledPromptBehavior: dismiss and notify, webauthn:extension:credBlob: true, webauthn:extension:largeBlob: true, webauthn:virtualAuthenticators: true}
Session ID: db155a317781c74382e18b9d2689ca9c
