15:01:50.231  INFO  manager.ApplicationManager - All Tests run in Chrome Driver ------>
15:02:08.071  INFO  manager.ApplicationManager - Current Url --->https://ilcarro-1578153671498.web.app/search
15:02:08.802  INFO  tests.TestBase - Start test with name ---->loginSuccess
15:02:08.832  INFO  manager.MyListener - New Before find by --> By.cssSelector: a[href^='/logout']
15:02:14.846  INFO  tests.TestBase - Test start with email : noa@gmail.com & password: Nnoa12345$
15:02:14.848  INFO  manager.MyListener - WebDriver start find element -->By.xpath: //a[text()=' Log in ']
15:02:16.825  INFO  manager.MyListener - WebDriver start find element -->By.id: email
15:02:22.763  INFO  manager.MyListener - WebDriver start find element -->By.id: password
15:02:24.633  INFO  manager.MyListener - WebDriver start find element -->By.cssSelector: button[type='submit']
15:02:25.386  INFO  manager.MyListener - WebDriver start find element -->By.cssSelector: button[type='submit']
15:02:35.173  INFO  tests.TestBase - Logged------>
15:02:37.216  INFO  manager.MyListener - WebDriver start find element -->By.cssSelector: div.dialog-container
15:02:37.979  INFO  manager.MyListener - WebDriver start find element -->By.cssSelector: div.dialog-container h1
15:02:38.432  INFO  manager.MyListener - New Before find by --> By.xpath: //button[text()='Ok']
15:02:38.656  INFO  manager.MyListener - WebDriver start find element -->By.xpath: //button[text()='Ok']
15:02:39.932  INFO  tests.TestBase - Start test with name ---->loginSuccess
15:02:39.947  INFO  manager.MyListener - New Before find by --> By.cssSelector: a[href^='/logout']
15:02:41.267  INFO  manager.MyListener - WebDriver start find element -->By.cssSelector: a[href^='/logout']
15:02:42.827  INFO  tests.TestBase - Test start with logout
15:02:42.832  INFO  tests.TestBase - Test start with email : tanya@gmail.ru & password: Ttanya123$
15:02:42.834  INFO  manager.MyListener - WebDriver start find element -->By.xpath: //a[text()=' Log in ']
15:02:43.690  INFO  manager.MyListener - WebDriver start find element -->By.id: email
15:02:49.932  INFO  manager.MyListener - WebDriver start find element -->By.id: password
15:02:51.944  INFO  manager.MyListener - WebDriver start find element -->By.cssSelector: button[type='submit']
15:02:52.275  INFO  manager.MyListener - WebDriver start find element -->By.cssSelector: button[type='submit']
15:02:52.871  INFO  tests.TestBase - Logged------>
15:02:54.913  INFO  manager.MyListener - WebDriver start find element -->By.cssSelector: div.dialog-container
15:02:55.182  INFO  manager.MyListener - WebDriver start find element -->By.cssSelector: div.dialog-container h1
15:02:55.443  INFO  manager.MyListener - New Before find by --> By.xpath: //button[text()='Ok']
15:02:55.549  INFO  manager.MyListener - WebDriver start find element -->By.xpath: //button[text()='Ok']
15:02:56.114  INFO  tests.TestBase - Start test with name ---->loginSuccess
15:02:56.126  INFO  manager.MyListener - New Before find by --> By.cssSelector: a[href^='/logout']
15:02:59.161  INFO  manager.MyListener - WebDriver start find element -->By.cssSelector: a[href^='/logout']
15:02:59.784  INFO  tests.TestBase - Test start with logout
15:02:59.788  INFO  tests.TestBase - Test start with email : noa@gmail.com & password: Nnoa12345$
15:02:59.789  INFO  manager.MyListener - WebDriver start find element -->By.xpath: //a[text()=' Log in ']
15:03:01.120  INFO  manager.MyListener - WebDriver start find element -->By.id: email
15:03:06.658  INFO  manager.MyListener - WebDriver start find element -->By.id: password
15:03:08.161  INFO  manager.MyListener - WebDriver start find element -->By.cssSelector: button[type='submit']
15:03:08.594  INFO  manager.MyListener - WebDriver start find element -->By.cssSelector: button[type='submit']
15:03:09.612  INFO  tests.TestBase - Logged------>
15:03:11.654  INFO  manager.MyListener - WebDriver start find element -->By.cssSelector: div.dialog-container
15:03:16.891  INFO  manager.MyListener - The name of method with error -->findElement
15:03:16.921  INFO  manager.MyListener - We have a problem ---> org.openqa.selenium.NoSuchElementException: no such element: Unable to locate element: {"method":"css selector","selector":"div.dialog-container"}
  (Session info: chrome=103.0.5060.114)
For documentation on this error, please visit: https://selenium.dev/exceptions/#no_such_element
Build info: version: '4.2.2', revision: '683ccb65d6'
System info: host: 'ALEXPC', ip: '192.168.1.108', os.name: 'Windows 8.1', os.arch: 'amd64', os.version: '6.3', java.version: '11.0.15.1'
Driver info: org.openqa.selenium.chrome.ChromeDriver
Command: [418b7c5ad5a020c3d495554dd3bf0960, findElement {using=css selector, value=div.dialog-container}]
Capabilities {acceptInsecureCerts: false, browserName: chrome, browserVersion: 103.0.5060.114, chrome: {chromedriverVersion: 103.0.5060.53 (a1711811edd7..., userDataDir: C:\Users\alex\AppData\Local...}, goog:chromeOptions: {debuggerAddress: localhost:64748}, networkConnectionEnabled: false, pageLoadStrategy: normal, platformName: WINDOWS, proxy: Proxy(), se:cdp: ws://localhost:64748/devtoo..., se:cdpVersion: 103.0.5060.114, setWindowRect: true, strictFileInteractability: false, timeouts: {implicit: 0, pageLoad: 300000, script: 30000}, unhandledPromptBehavior: dismiss and notify, webauthn:extension:credBlob: true, webauthn:extension:largeBlob: true, webauthn:virtualAuthenticators: true}
Session ID: 418b7c5ad5a020c3d495554dd3bf0960
15:03:16.974  INFO  manager.MyListener - New Before find by --> By.xpath: //button[text()='Ok']
15:03:18.561  INFO  manager.MyListener - WebDriver start find element -->By.xpath: //button[text()='Ok']
15:03:19.628  INFO  tests.TestBase - Start test with name ---->loginSuccess
15:03:19.636  INFO  manager.MyListener - New Before find by --> By.cssSelector: a[href^='/logout']
15:03:20.603  INFO  manager.MyListener - WebDriver start find element -->By.cssSelector: a[href^='/logout']
15:03:21.493  INFO  tests.TestBase - Test start with logout
15:03:21.496  INFO  tests.TestBase - Test start with email : tanya@gmail.ru & password: Ttanya123$
15:03:21.497  INFO  manager.MyListener - WebDriver start find element -->By.xpath: //a[text()=' Log in ']
15:03:22.133  INFO  manager.MyListener - WebDriver start find element -->By.id: email
15:03:26.315  INFO  manager.MyListener - WebDriver start find element -->By.id: password
15:03:27.536  INFO  manager.MyListener - WebDriver start find element -->By.cssSelector: button[type='submit']
15:03:28.031  INFO  manager.MyListener - WebDriver start find element -->By.cssSelector: button[type='submit']
15:03:28.568  INFO  tests.TestBase - Logged------>
15:03:30.577  INFO  manager.MyListener - WebDriver start find element -->By.cssSelector: div.dialog-container
15:03:32.973  INFO  manager.MyListener - WebDriver start find element -->By.cssSelector: div.dialog-container h1
15:03:33.283  INFO  manager.MyListener - New Before find by --> By.xpath: //button[text()='Ok']
15:03:33.440  INFO  manager.MyListener - WebDriver start find element -->By.xpath: //button[text()='Ok']
15:03:33.947  INFO  tests.TestBase - Start test with name ---->loginSuccess2
15:03:33.953  INFO  manager.MyListener - New Before find by --> By.cssSelector: a[href^='/logout']
15:03:34.846  INFO  manager.MyListener - WebDriver start find element -->By.cssSelector: a[href^='/logout']
15:03:35.517  INFO  tests.TestBase - Test start with logout
15:03:35.521  INFO  manager.MyListener - WebDriver start find element -->By.xpath: //a[text()=' Log in ']
15:03:36.466  INFO  manager.MyListener - WebDriver start find element -->By.id: email
15:03:41.130  INFO  manager.MyListener - WebDriver start find element -->By.id: password
15:03:42.544  INFO  manager.MyListener - WebDriver start find element -->By.cssSelector: button[type='submit']
15:03:43.096  INFO  manager.MyListener - WebDriver start find element -->By.cssSelector: button[type='submit']
15:03:43.778  INFO  tests.TestBase - Logged------>
15:03:45.792  INFO  manager.MyListener - WebDriver start find element -->By.cssSelector: div.dialog-container
15:03:50.889  INFO  manager.MyListener - The name of method with error -->findElement
15:03:50.890  INFO  manager.MyListener - We have a problem ---> org.openqa.selenium.NoSuchElementException: no such element: Unable to locate element: {"method":"css selector","selector":"div.dialog-container"}
  (Session info: chrome=103.0.5060.114)
For documentation on this error, please visit: https://selenium.dev/exceptions/#no_such_element
Build info: version: '4.2.2', revision: '683ccb65d6'
System info: host: 'ALEXPC', ip: '192.168.1.108', os.name: 'Windows 8.1', os.arch: 'amd64', os.version: '6.3', java.version: '11.0.15.1'
Driver info: org.openqa.selenium.chrome.ChromeDriver
Command: [418b7c5ad5a020c3d495554dd3bf0960, findElement {using=css selector, value=div.dialog-container}]
Capabilities {acceptInsecureCerts: false, browserName: chrome, browserVersion: 103.0.5060.114, chrome: {chromedriverVersion: 103.0.5060.53 (a1711811edd7..., userDataDir: C:\Users\alex\AppData\Local...}, goog:chromeOptions: {debuggerAddress: localhost:64748}, networkConnectionEnabled: false, pageLoadStrategy: normal, platformName: WINDOWS, proxy: Proxy(), se:cdp: ws://localhost:64748/devtoo..., se:cdpVersion: 103.0.5060.114, setWindowRect: true, strictFileInteractability: false, timeouts: {implicit: 0, pageLoad: 300000, script: 30000}, unhandledPromptBehavior: dismiss and notify, webauthn:extension:credBlob: true, webauthn:extension:largeBlob: true, webauthn:virtualAuthenticators: true}
Session ID: 418b7c5ad5a020c3d495554dd3bf0960
15:03:50.898  INFO  manager.MyListener - New Before find by --> By.xpath: //button[text()='Ok']
15:03:52.677  INFO  manager.MyListener - WebDriver start find element -->By.xpath: //button[text()='Ok']
15:03:53.174  INFO  tests.TestBase - Start test with name ---->loginSuccessDP
15:03:53.179  INFO  manager.MyListener - New Before find by --> By.cssSelector: a[href^='/logout']
15:03:53.308  INFO  manager.MyListener - WebDriver start find element -->By.cssSelector: a[href^='/logout']
15:03:54.620  INFO  tests.TestBase - Test start with logout
15:03:54.711  INFO  manager.MyListener - WebDriver start find element -->By.xpath: //a[text()=' Log in ']
15:03:55.278  INFO  manager.MyListener - WebDriver start find element -->By.id: email
15:03:56.834  INFO  manager.MyListener - WebDriver start find element -->By.id: password
15:03:58.269  INFO  manager.MyListener - WebDriver start find element -->By.cssSelector: button[type='submit']
15:03:58.683  INFO  manager.MyListener - WebDriver start find element -->By.cssSelector: button[type='submit']
15:03:59.253  INFO  tests.TestBase - Logged------>
15:04:01.261  INFO  manager.MyListener - WebDriver start find element -->By.cssSelector: div.dialog-container
15:04:01.526  INFO  manager.MyListener - WebDriver start find element -->By.cssSelector: div.dialog-container h1
15:04:02.000  INFO  manager.MyListener - New Before find by --> By.xpath: //button[text()='Ok']
15:04:02.120  INFO  manager.MyListener - WebDriver start find element -->By.xpath: //button[text()='Ok']
15:04:02.588  INFO  tests.TestBase - Start test with name ---->loginSuccessDP
15:04:02.596  INFO  manager.MyListener - New Before find by --> By.cssSelector: a[href^='/logout']
15:04:03.544  INFO  manager.MyListener - WebDriver start find element -->By.cssSelector: a[href^='/logout']
15:04:04.046  INFO  tests.TestBase - Test start with logout
15:04:04.050  INFO  manager.MyListener - WebDriver start find element -->By.xpath: //a[text()=' Log in ']
15:04:04.487  INFO  manager.MyListener - WebDriver start find element -->By.id: email
15:04:05.957  INFO  manager.MyListener - WebDriver start find element -->By.id: password
15:04:07.326  INFO  manager.MyListener - WebDriver start find element -->By.cssSelector: button[type='submit']
15:04:07.505  INFO  manager.MyListener - WebDriver start find element -->By.cssSelector: button[type='submit']
15:04:07.731  INFO  tests.TestBase - Logged------>
15:04:09.733  INFO  manager.MyListener - WebDriver start find element -->By.cssSelector: div.dialog-container
15:04:09.895  INFO  manager.MyListener - WebDriver start find element -->By.cssSelector: div.dialog-container h1
15:04:10.056  INFO  manager.MyListener - New Before find by --> By.xpath: //button[text()='Ok']
15:04:10.148  INFO  manager.MyListener - WebDriver start find element -->By.xpath: //button[text()='Ok']
15:04:10.472  INFO  tests.TestBase - Start test with name ---->loginSuccessDP
15:04:10.479  INFO  manager.MyListener - New Before find by --> By.cssSelector: a[href^='/logout']
15:04:11.111  INFO  manager.MyListener - WebDriver start find element -->By.cssSelector: a[href^='/logout']
15:04:12.304  INFO  tests.TestBase - Test start with logout
15:04:12.306  INFO  manager.MyListener - WebDriver start find element -->By.xpath: //a[text()=' Log in ']
15:04:13.027  INFO  manager.MyListener - WebDriver start find element -->By.id: email
15:04:14.414  INFO  manager.MyListener - WebDriver start find element -->By.id: password
15:04:15.533  INFO  manager.MyListener - WebDriver start find element -->By.cssSelector: button[type='submit']
15:04:15.846  INFO  manager.MyListener - WebDriver start find element -->By.cssSelector: button[type='submit']
15:04:16.320  INFO  tests.TestBase - Logged------>
15:04:18.334  INFO  manager.MyListener - WebDriver start find element -->By.cssSelector: div.dialog-container
15:04:18.543  INFO  manager.MyListener - WebDriver start find element -->By.cssSelector: div.dialog-container h1
15:04:18.707  INFO  manager.MyListener - New Before find by --> By.xpath: //button[text()='Ok']
15:04:18.771  INFO  manager.MyListener - WebDriver start find element -->By.xpath: //button[text()='Ok']
15:04:19.069  INFO  tests.TestBase - Start test with name ---->loginSuccessDP
15:04:19.089  INFO  manager.MyListener - New Before find by --> By.cssSelector: a[href^='/logout']
15:04:19.612  INFO  manager.MyListener - WebDriver start find element -->By.cssSelector: a[href^='/logout']
15:04:20.362  INFO  tests.TestBase - Test start with logout
15:04:20.370  INFO  manager.MyListener - WebDriver start find element -->By.xpath: //a[text()=' Log in ']
15:04:20.922  INFO  manager.MyListener - WebDriver start find element -->By.id: email
15:04:22.073  INFO  manager.MyListener - WebDriver start find element -->By.id: password
15:04:23.318  INFO  manager.MyListener - WebDriver start find element -->By.cssSelector: button[type='submit']
15:04:23.631  INFO  manager.MyListener - WebDriver start find element -->By.cssSelector: button[type='submit']
15:04:24.050  INFO  tests.TestBase - Logged------>
15:04:26.052  INFO  manager.MyListener - WebDriver start find element -->By.cssSelector: div.dialog-container
15:04:26.133  INFO  manager.MyListener - WebDriver start find element -->By.cssSelector: div.dialog-container h1
15:04:26.220  INFO  manager.MyListener - New Before find by --> By.xpath: //button[text()='Ok']
15:04:26.262  INFO  manager.MyListener - WebDriver start find element -->By.xpath: //button[text()='Ok']
15:04:26.540  INFO  tests.TestBase - Start test with name ---->registrationSuccess
15:04:26.543  INFO  manager.MyListener - New Before find by --> By.cssSelector: a[href^='/logout']
15:04:26.959  INFO  manager.MyListener - WebDriver start find element -->By.cssSelector: a[href^='/logout']
15:04:27.698  INFO  manager.MyListener - WebDriver start find element -->By.xpath: //a[text()=' Sign up ']
15:04:28.532  INFO  manager.MyListener - WebDriver start find element -->By.id: name
15:04:29.518  INFO  manager.MyListener - WebDriver start find element -->By.id: lastName
15:04:30.313  INFO  manager.MyListener - WebDriver start find element -->By.id: email
15:04:31.738  INFO  manager.MyListener - WebDriver start find element -->By.id: password
15:04:33.020  INFO  manager.MyListener - WebDriver start find element -->By.cssSelector: label[for='terms-of-use']
15:04:34.012  INFO  manager.MyListener - WebDriver start find element -->By.cssSelector: button[type='submit']
15:04:34.498  INFO  manager.MyListener - WebDriver start find element -->By.cssSelector: button[type='submit']
15:04:36.949  INFO  manager.MyListener - WebDriver start find element -->By.cssSelector: div.dialog-container
15:04:37.217  INFO  manager.MyListener - WebDriver start find element -->By.cssSelector: div.dialog-container h1
15:04:37.473  INFO  manager.MyListener - New Before find by --> By.xpath: //button[text()='Ok']
15:04:37.535  INFO  manager.MyListener - WebDriver start find element -->By.xpath: //button[text()='Ok']
15:04:37.833  INFO  tests.TestBase - Start test with name ---->registrationWrongPasswordFormatSize
15:04:37.838  INFO  manager.MyListener - New Before find by --> By.cssSelector: a[href^='/logout']
15:04:37.937  INFO  manager.MyListener - WebDriver start find element -->By.cssSelector: a[href^='/logout']
15:04:39.372  INFO  manager.MyListener - WebDriver start find element -->By.xpath: //a[text()=' Sign up ']
15:04:39.953  INFO  manager.MyListener - WebDriver start find element -->By.id: name
15:04:41.398  INFO  manager.MyListener - WebDriver start find element -->By.id: lastName
15:04:42.290  INFO  manager.MyListener - WebDriver start find element -->By.id: email
15:04:43.523  INFO  manager.MyListener - WebDriver start find element -->By.id: password
15:04:44.851  INFO  manager.MyListener - WebDriver start find element -->By.cssSelector: label[for='terms-of-use']
15:04:45.467  INFO  manager.MyListener - WebDriver start find element -->By.cssSelector: div.error div:last-child
15:04:45.856  INFO  manager.MyListener - WebDriver start find element -->By.cssSelector: div.error div:first-child
15:04:46.262  INFO  manager.MyListener - New Before find by --> By.cssSelector: button[disabled]
15:04:46.380  INFO  manager.MyListener - WebDriver start find element -->By.cssSelector: [type='submit']
15:04:47.103  INFO  manager.MyListener - New Before find by --> By.xpath: //button[text()='Ok']
15:04:52.313  INFO  tests.TestBase - Start test with name ---->addNewCarSuccess
15:04:52.319  INFO  manager.MyListener - New Before find by --> By.cssSelector: a[href^='/logout']
15:04:57.389  INFO  manager.MyListener - WebDriver start find element -->By.xpath: //a[text()=' Log in ']
15:04:58.516  INFO  manager.MyListener - WebDriver start find element -->By.id: email
15:05:01.017  INFO  manager.MyListener - WebDriver start find element -->By.id: password
15:05:02.456  INFO  manager.MyListener - WebDriver start find element -->By.cssSelector: button[type='submit']
15:05:02.929  INFO  manager.MyListener - WebDriver start find element -->By.cssSelector: button[type='submit']
15:05:03.522  INFO  manager.MyListener - New Before find by --> By.xpath: //button[text()='Ok']
15:05:07.212  INFO  manager.MyListener - WebDriver start find element -->By.xpath: //button[text()='Ok']
15:05:07.781  INFO  manager.MyListener - WebDriver start find element -->By.xpath: //a[@id='1']
15:05:10.221  INFO  manager.MyListener - WebDriver start find element -->By.id: pickUpPlace
15:05:11.178  INFO  manager.MyListener - WebDriver start find element -->By.cssSelector: div.pac-item
15:05:13.760  INFO  manager.MyListener - WebDriver start find element -->By.id: make
15:05:15.475  INFO  manager.MyListener - WebDriver start find element -->By.id: model
15:05:16.706  INFO  manager.MyListener - WebDriver start find element -->By.id: year
15:05:18.058  INFO  manager.MyListener - WebDriver start find element -->By.id: engine
15:05:22.451  INFO  manager.MyListener - WebDriver start find element -->By.id: fuel
15:05:23.168  INFO  manager.MyListener - WebDriver start find element -->By.id: gear
15:05:24.338  INFO  manager.MyListener - WebDriver start find element -->By.id: wheelsDrive
15:05:25.137  INFO  manager.MyListener - WebDriver start find element -->By.id: doors
15:05:27.789  INFO  manager.MyListener - WebDriver start find element -->By.id: seats
15:05:29.698  INFO  manager.MyListener - WebDriver start find element -->By.id: class
15:05:31.130  INFO  manager.MyListener - WebDriver start find element -->By.id: fuelConsumption
15:05:32.410  INFO  manager.MyListener - WebDriver start find element -->By.id: serialNumber
15:05:34.037  INFO  manager.MyListener - WebDriver start find element -->By.id: price
15:05:35.305  INFO  manager.MyListener - WebDriver start find element -->By.id: distance
15:05:36.527  INFO  manager.MyListener - WebDriver start find element -->By.cssSelector: input[placeholder='Type feature']
15:05:37.213  INFO  manager.MyListener - WebDriver start find element -->By.id: about
15:05:38.470  INFO  manager.MyListener - WebDriver start find element -->By.id: photos
15:05:39.053  INFO  manager.MyListener - WebDriver start find element -->By.cssSelector: button[type='submit']
15:05:40.801  INFO  manager.MyListener - WebDriver start find element -->By.cssSelector: button[type='submit']
15:05:43.157  INFO  manager.MyListener - WebDriver start find element -->By.cssSelector: div.dialog-container
15:05:43.751  INFO  manager.MyListener - WebDriver start find element -->By.cssSelector: div.dialog-container h1
15:05:44.102  INFO  manager.MyListener - WebDriver start find element -->By.xpath: //button[text()='Search cars']
15:05:44.703  INFO  tests.TestBase - Start test with name ---->searchAnyPeriod
15:05:44.708  INFO  manager.MyListener - WebDriver start find element -->By.cssSelector: .logo
15:05:53.804  INFO  manager.MyListener - WebDriver start find element -->By.cssSelector: #city
15:05:56.995  INFO  manager.MyListener - WebDriver start find element -->By.cssSelector: .pac-item
15:05:59.989  INFO  manager.MyListener - WebDriver start find element -->By.cssSelector: #dates
15:06:02.740  INFO  manager.MyListener - WebDriver start find element -->By.id: dates
15:06:04.960  INFO  manager.MyListener - WebDriver start find element -->By.cssSelector: [aria-label='Next month']
15:06:06.263  INFO  manager.MyListener - WebDriver start find element -->By.xpath: //div[text()=' 10 ']
15:06:07.427  INFO  manager.MyListener - WebDriver start find element -->By.cssSelector: [aria-label='Next month']
15:06:07.866  INFO  manager.MyListener - WebDriver start find element -->By.cssSelector: [aria-label='Next month']
15:06:08.526  INFO  manager.MyListener - WebDriver start find element -->By.cssSelector: [aria-label='Next month']
15:06:09.199  INFO  manager.MyListener - WebDriver start find element -->By.cssSelector: [aria-label='Next month']
15:06:09.612  INFO  manager.MyListener - WebDriver start find element -->By.cssSelector: [aria-label='Next month']
15:06:10.357  INFO  manager.MyListener - WebDriver start find element -->By.cssSelector: [aria-label='Next month']
15:06:11.386  INFO  manager.MyListener - WebDriver start find element -->By.cssSelector: [aria-label='Next month']
15:06:12.275  INFO  manager.MyListener - WebDriver start find element -->By.xpath: //div[text()=' 20 ']
15:06:13.382  INFO  manager.MyListener - WebDriver start find element -->By.cssSelector: button[type='submit']
15:06:13.811  INFO  manager.MyListener - WebDriver start find element -->By.cssSelector: button[type='submit']
15:06:15.582  INFO  manager.MyListener - New Before find by --> By.cssSelector: .car-img-container.ng-star-inserted
15:06:21.428  INFO  tests.TestBase - Start test with name ---->searchCurrentMonth
15:06:21.431  INFO  manager.MyListener - WebDriver start find element -->By.cssSelector: .logo
15:06:26.010  INFO  manager.MyListener - WebDriver start find element -->By.cssSelector: #city
15:06:29.795  INFO  manager.MyListener - WebDriver start find element -->By.cssSelector: .pac-item
15:06:30.196  INFO  manager.MyListener - WebDriver start find element -->By.cssSelector: #dates
15:06:30.937  INFO  manager.MyListener - WebDriver start find element -->By.id: dates
15:06:31.510  INFO  manager.MyListener - WebDriver start find element -->By.xpath: //div[text()=' 27 ']
15:06:32.273  INFO  manager.MyListener - WebDriver start find element -->By.xpath: //div[text()=' 28 ']
15:06:32.965  INFO  manager.MyListener - WebDriver start find element -->By.cssSelector: button[type='submit']
15:06:39.007  INFO  tests.TestBase - Start test with name ---->searchCurrentYear
15:06:39.011  INFO  manager.MyListener - WebDriver start find element -->By.cssSelector: .logo
15:06:40.633  INFO  manager.MyListener - The name of method with error -->click
15:06:40.634  INFO  manager.MyListener - We have a problem ---> org.openqa.selenium.ElementClickInterceptedException: element click intercepted: Element <a _ngcontent-vtx-c25="" href="/" class="logo">...</a> is not clickable at point (245, 34). Other element would receive the click: <div class="cdk-overlay-backdrop mat-overlay-transparent-backdrop cdk-overlay-backdrop-showing"></div>
  (Session info: chrome=103.0.5060.114)
Build info: version: '4.2.2', revision: '683ccb65d6'
System info: host: 'ALEXPC', ip: '192.168.1.108', os.name: 'Windows 8.1', os.arch: 'amd64', os.version: '6.3', java.version: '11.0.15.1'
Driver info: org.openqa.selenium.chrome.ChromeDriver
Command: [418b7c5ad5a020c3d495554dd3bf0960, clickElement {id=a2e0e08c-5b84-41b0-8b44-7a1df4f028c7}]
Capabilities {acceptInsecureCerts: false, browserName: chrome, browserVersion: 103.0.5060.114, chrome: {chromedriverVersion: 103.0.5060.53 (a1711811edd7..., userDataDir: C:\Users\alex\AppData\Local...}, goog:chromeOptions: {debuggerAddress: localhost:64748}, networkConnectionEnabled: false, pageLoadStrategy: normal, platformName: WINDOWS, proxy: Proxy(), se:cdp: ws://localhost:64748/devtoo..., se:cdpVersion: 103.0.5060.114, setWindowRect: true, strictFileInteractability: false, timeouts: {implicit: 0, pageLoad: 300000, script: 30000}, unhandledPromptBehavior: dismiss and notify, webauthn:extension:credBlob: true, webauthn:extension:largeBlob: true, webauthn:virtualAuthenticators: true}
Element: [[ChromeDriver: chrome on WINDOWS (418b7c5ad5a020c3d495554dd3bf0960)] -> css selector: .logo]
Session ID: 418b7c5ad5a020c3d495554dd3bf0960
15:07:05.835  INFO  manager.ApplicationManager - All Tests run in Chrome Driver ------>
15:07:23.046  INFO  manager.ApplicationManager - Current Url --->https://ilcarro-1578153671498.web.app/search
15:07:23.069  INFO  tests.TestBase - Start test with name ---->loginSuccess
15:07:23.073  INFO  manager.MyListener - New Before find by --> By.cssSelector: a[href^='/logout']
15:07:28.155  INFO  tests.TestBase - Test start with email : noa@gmail.com & password: Nnoa12345$
15:07:28.156  INFO  manager.MyListener - WebDriver start find element -->By.xpath: //a[text()=' Log in ']
15:07:30.063  INFO  manager.MyListener - WebDriver start find element -->By.id: email
15:07:40.611  INFO  manager.MyListener - WebDriver start find element -->By.id: password
15:07:44.385  INFO  manager.MyListener - WebDriver start find element -->By.cssSelector: button[type='submit']
15:07:46.972  INFO  manager.MyListener - WebDriver start find element -->By.cssSelector: button[type='submit']
15:07:48.113  INFO  tests.TestBase - Logged------>
15:07:50.141  INFO  manager.MyListener - WebDriver start find element -->By.cssSelector: div.dialog-container
15:07:55.320  INFO  manager.MyListener - The name of method with error -->findElement
15:07:55.326  INFO  manager.MyListener - We have a problem ---> org.openqa.selenium.NoSuchElementException: no such element: Unable to locate element: {"method":"css selector","selector":"div.dialog-container"}
  (Session info: chrome=103.0.5060.114)
For documentation on this error, please visit: https://selenium.dev/exceptions/#no_such_element
Build info: version: '4.2.2', revision: '683ccb65d6'
System info: host: 'ALEXPC', ip: '192.168.1.108', os.name: 'Windows 8.1', os.arch: 'amd64', os.version: '6.3', java.version: '11.0.15.1'
Driver info: org.openqa.selenium.chrome.ChromeDriver
Command: [905221734c06ff9d02eec08c67acba26, findElement {using=css selector, value=div.dialog-container}]
Capabilities {acceptInsecureCerts: false, browserName: chrome, browserVersion: 103.0.5060.114, chrome: {chromedriverVersion: 103.0.5060.53 (a1711811edd7..., userDataDir: C:\Users\alex\AppData\Local...}, goog:chromeOptions: {debuggerAddress: localhost:60531}, networkConnectionEnabled: false, pageLoadStrategy: normal, platformName: WINDOWS, proxy: Proxy(), se:cdp: ws://localhost:60531/devtoo..., se:cdpVersion: 103.0.5060.114, setWindowRect: true, strictFileInteractability: false, timeouts: {implicit: 0, pageLoad: 300000, script: 30000}, unhandledPromptBehavior: dismiss and notify, webauthn:extension:credBlob: true, webauthn:extension:largeBlob: true, webauthn:virtualAuthenticators: true}
Session ID: 905221734c06ff9d02eec08c67acba26
15:07:55.355  INFO  manager.MyListener - New Before find by --> By.xpath: //button[text()='Ok']
15:08:00.915  INFO  tests.TestBase - Start test with name ---->loginSuccess
15:08:00.920  INFO  manager.MyListener - New Before find by --> By.cssSelector: a[href^='/logout']
15:08:06.070  INFO  tests.TestBase - Test start with email : tanya@gmail.ru & password: Ttanya123$
15:08:06.072  INFO  manager.MyListener - WebDriver start find element -->By.xpath: //a[text()=' Log in ']
15:08:07.159  INFO  manager.MyListener - WebDriver start find element -->By.id: email
15:08:08.754  INFO  manager.MyListener - The name of method with error -->click
15:08:08.756  INFO  manager.MyListener - We have a problem ---> org.openqa.selenium.ElementClickInterceptedException: element click intercepted: Element <input _ngcontent-dee-c100="" autocomplete="username" formcontrolname="email" id="email" type="email" class="ng-dirty ng-valid ng-touched"> is not clickable at point (1217, 284). Other element would receive the click: <div _ngcontent-dee-c105="" class="login-registration-progress-container">...</div>
  (Session info: chrome=103.0.5060.114)
Build info: version: '4.2.2', revision: '683ccb65d6'
System info: host: 'ALEXPC', ip: '192.168.1.108', os.name: 'Windows 8.1', os.arch: 'amd64', os.version: '6.3', java.version: '11.0.15.1'
Driver info: org.openqa.selenium.chrome.ChromeDriver
Command: [905221734c06ff9d02eec08c67acba26, clickElement {id=eeb1a14e-0fe8-4c22-8be8-d607966c8515}]
Capabilities {acceptInsecureCerts: false, browserName: chrome, browserVersion: 103.0.5060.114, chrome: {chromedriverVersion: 103.0.5060.53 (a1711811edd7..., userDataDir: C:\Users\alex\AppData\Local...}, goog:chromeOptions: {debuggerAddress: localhost:60531}, networkConnectionEnabled: false, pageLoadStrategy: normal, platformName: WINDOWS, proxy: Proxy(), se:cdp: ws://localhost:60531/devtoo..., se:cdpVersion: 103.0.5060.114, setWindowRect: true, strictFileInteractability: false, timeouts: {implicit: 0, pageLoad: 300000, script: 30000}, unhandledPromptBehavior: dismiss and notify, webauthn:extension:credBlob: true, webauthn:extension:largeBlob: true, webauthn:virtualAuthenticators: true}
Element: [[ChromeDriver: chrome on WINDOWS (905221734c06ff9d02eec08c67acba26)] -> id: email]
Session ID: 905221734c06ff9d02eec08c67acba26
15:08:08.762  INFO  manager.MyListener - New Before find by --> By.xpath: //button[text()='Ok']
15:08:10.817  INFO  manager.MyListener - WebDriver start find element -->By.xpath: //button[text()='Ok']
15:08:12.030  INFO  tests.TestBase - Start test with name ---->loginSuccess
15:08:12.035  INFO  manager.MyListener - New Before find by --> By.cssSelector: a[href^='/logout']
15:08:13.127  INFO  manager.MyListener - WebDriver start find element -->By.cssSelector: a[href^='/logout']
15:08:14.625  INFO  tests.TestBase - Test start with logout
15:08:14.628  INFO  tests.TestBase - Test start with email : noa@gmail.com & password: Nnoa12345$
15:08:14.632  INFO  manager.MyListener - WebDriver start find element -->By.xpath: //a[text()=' Log in ']
15:08:15.118  INFO  manager.MyListener - WebDriver start find element -->By.id: email
15:08:22.014  INFO  manager.MyListener - WebDriver start find element -->By.id: password
15:08:24.080  INFO  manager.MyListener - WebDriver start find element -->By.cssSelector: button[type='submit']
15:08:24.811  INFO  manager.MyListener - WebDriver start find element -->By.cssSelector: button[type='submit']
15:08:25.307  INFO  tests.TestBase - Logged------>
15:08:27.329  INFO  manager.MyListener - WebDriver start find element -->By.cssSelector: div.dialog-container
15:08:30.927  INFO  manager.MyListener - WebDriver start find element -->By.cssSelector: div.dialog-container h1
15:08:31.351  INFO  manager.MyListener - New Before find by --> By.xpath: //button[text()='Ok']
15:08:31.413  INFO  manager.MyListener - WebDriver start find element -->By.xpath: //button[text()='Ok']
15:08:31.877  INFO  tests.TestBase - Start test with name ---->loginSuccess
15:08:31.882  INFO  manager.MyListener - New Before find by --> By.cssSelector: a[href^='/logout']
15:08:35.034  INFO  manager.MyListener - WebDriver start find element -->By.cssSelector: a[href^='/logout']
15:08:36.088  INFO  tests.TestBase - Test start with logout
15:08:36.090  INFO  tests.TestBase - Test start with email : tanya@gmail.ru & password: Ttanya123$
15:08:36.090  INFO  manager.MyListener - WebDriver start find element -->By.xpath: //a[text()=' Log in ']
15:08:36.679  INFO  manager.MyListener - WebDriver start find element -->By.id: email
15:08:41.227  INFO  manager.MyListener - WebDriver start find element -->By.id: password
15:08:45.440  INFO  manager.MyListener - WebDriver start find element -->By.cssSelector: button[type='submit']
15:08:45.926  INFO  manager.MyListener - WebDriver start find element -->By.cssSelector: button[type='submit']
15:08:48.572  INFO  tests.TestBase - Logged------>
15:08:50.583  INFO  manager.MyListener - WebDriver start find element -->By.cssSelector: div.dialog-container
15:08:52.730  INFO  manager.MyListener - WebDriver start find element -->By.cssSelector: div.dialog-container h1
15:08:53.417  INFO  manager.MyListener - New Before find by --> By.xpath: //button[text()='Ok']
15:08:53.586  INFO  manager.MyListener - WebDriver start find element -->By.xpath: //button[text()='Ok']
15:08:53.888  INFO  tests.TestBase - Start test with name ---->loginSuccess2
15:08:53.891  INFO  manager.MyListener - New Before find by --> By.cssSelector: a[href^='/logout']
15:08:53.995  INFO  manager.MyListener - WebDriver start find element -->By.cssSelector: a[href^='/logout']
15:08:55.147  INFO  tests.TestBase - Test start with logout
15:08:55.149  INFO  manager.MyListener - WebDriver start find element -->By.xpath: //a[text()=' Log in ']
15:08:55.552  INFO  manager.MyListener - WebDriver start find element -->By.id: email
15:09:00.438  INFO  manager.MyListener - WebDriver start find element -->By.id: password
15:09:02.614  INFO  manager.MyListener - WebDriver start find element -->By.cssSelector: button[type='submit']
15:09:03.015  INFO  manager.MyListener - WebDriver start find element -->By.cssSelector: button[type='submit']
15:09:03.358  INFO  tests.TestBase - Logged------>
15:09:05.388  INFO  manager.MyListener - WebDriver start find element -->By.cssSelector: div.dialog-container
15:09:10.451  INFO  manager.MyListener - The name of method with error -->findElement
15:09:10.452  INFO  manager.MyListener - We have a problem ---> org.openqa.selenium.NoSuchElementException: no such element: Unable to locate element: {"method":"css selector","selector":"div.dialog-container"}
  (Session info: chrome=103.0.5060.114)
For documentation on this error, please visit: https://selenium.dev/exceptions/#no_such_element
Build info: version: '4.2.2', revision: '683ccb65d6'
System info: host: 'ALEXPC', ip: '192.168.1.108', os.name: 'Windows 8.1', os.arch: 'amd64', os.version: '6.3', java.version: '11.0.15.1'
Driver info: org.openqa.selenium.chrome.ChromeDriver
Command: [905221734c06ff9d02eec08c67acba26, findElement {using=css selector, value=div.dialog-container}]
Capabilities {acceptInsecureCerts: false, browserName: chrome, browserVersion: 103.0.5060.114, chrome: {chromedriverVersion: 103.0.5060.53 (a1711811edd7..., userDataDir: C:\Users\alex\AppData\Local...}, goog:chromeOptions: {debuggerAddress: localhost:60531}, networkConnectionEnabled: false, pageLoadStrategy: normal, platformName: WINDOWS, proxy: Proxy(), se:cdp: ws://localhost:60531/devtoo..., se:cdpVersion: 103.0.5060.114, setWindowRect: true, strictFileInteractability: false, timeouts: {implicit: 0, pageLoad: 300000, script: 30000}, unhandledPromptBehavior: dismiss and notify, webauthn:extension:credBlob: true, webauthn:extension:largeBlob: true, webauthn:virtualAuthenticators: true}
Session ID: 905221734c06ff9d02eec08c67acba26
15:09:10.464  INFO  manager.MyListener - New Before find by --> By.xpath: //button[text()='Ok']
15:09:15.833  INFO  tests.TestBase - Start test with name ---->loginSuccessDP
15:09:15.835  INFO  manager.MyListener - New Before find by --> By.cssSelector: a[href^='/logout']
15:09:20.221  INFO  manager.MyListener - WebDriver start find element -->By.cssSelector: a[href^='/logout']
15:09:22.047  INFO  manager.MyListener - The name of method with error -->click
15:09:22.048  INFO  manager.MyListener - We have a problem ---> org.openqa.selenium.ElementClickInterceptedException: element click intercepted: Element <a _ngcontent-dee-c25="" class="navigation-link ng-star-inserted" href="/logout?url=%2Fsearch">...</a> is not clickable at point (1126, 34). Other element would receive the click: <div class="cdk-overlay-backdrop cdk-overlay-dark-backdrop cdk-overlay-backdrop-showing"></div>
  (Session info: chrome=103.0.5060.114)
Build info: version: '4.2.2', revision: '683ccb65d6'
System info: host: 'ALEXPC', ip: '192.168.1.108', os.name: 'Windows 8.1', os.arch: 'amd64', os.version: '6.3', java.version: '11.0.15.1'
Driver info: org.openqa.selenium.chrome.ChromeDriver
Command: [905221734c06ff9d02eec08c67acba26, clickElement {id=6167e844-3a3a-4b4e-87bf-9c98f02135e1}]
Capabilities {acceptInsecureCerts: false, browserName: chrome, browserVersion: 103.0.5060.114, chrome: {chromedriverVersion: 103.0.5060.53 (a1711811edd7..., userDataDir: C:\Users\alex\AppData\Local...}, goog:chromeOptions: {debuggerAddress: localhost:60531}, networkConnectionEnabled: false, pageLoadStrategy: normal, platformName: WINDOWS, proxy: Proxy(), se:cdp: ws://localhost:60531/devtoo..., se:cdpVersion: 103.0.5060.114, setWindowRect: true, strictFileInteractability: false, timeouts: {implicit: 0, pageLoad: 300000, script: 30000}, unhandledPromptBehavior: dismiss and notify, webauthn:extension:credBlob: true, webauthn:extension:largeBlob: true, webauthn:virtualAuthenticators: true}
Element: [[ChromeDriver: chrome on WINDOWS (905221734c06ff9d02eec08c67acba26)] -> css selector: a[href^='/logout']]
Session ID: 905221734c06ff9d02eec08c67acba26
15:09:22.114  INFO  tests.TestBase - Start test with name ---->registrationSuccess
15:09:22.117  INFO  manager.MyListener - New Before find by --> By.cssSelector: a[href^='/logout']
15:09:22.361  INFO  manager.MyListener - WebDriver start find element -->By.cssSelector: a[href^='/logout']
15:09:23.739  INFO  manager.MyListener - The name of method with error -->click
15:09:23.740  INFO  manager.MyListener - We have a problem ---> org.openqa.selenium.ElementClickInterceptedException: element click intercepted: Element <a _ngcontent-dee-c25="" class="navigation-link ng-star-inserted" href="/logout?url=%2Fsearch">...</a> is not clickable at point (1126, 34). Other element would receive the click: <div class="cdk-overlay-backdrop cdk-overlay-dark-backdrop cdk-overlay-backdrop-showing"></div>
  (Session info: chrome=103.0.5060.114)
Build info: version: '4.2.2', revision: '683ccb65d6'
System info: host: 'ALEXPC', ip: '192.168.1.108', os.name: 'Windows 8.1', os.arch: 'amd64', os.version: '6.3', java.version: '11.0.15.1'
Driver info: org.openqa.selenium.chrome.ChromeDriver
Command: [905221734c06ff9d02eec08c67acba26, clickElement {id=6167e844-3a3a-4b4e-87bf-9c98f02135e1}]
Capabilities {acceptInsecureCerts: false, browserName: chrome, browserVersion: 103.0.5060.114, chrome: {chromedriverVersion: 103.0.5060.53 (a1711811edd7..., userDataDir: C:\Users\alex\AppData\Local...}, goog:chromeOptions: {debuggerAddress: localhost:60531}, networkConnectionEnabled: false, pageLoadStrategy: normal, platformName: WINDOWS, proxy: Proxy(), se:cdp: ws://localhost:60531/devtoo..., se:cdpVersion: 103.0.5060.114, setWindowRect: true, strictFileInteractability: false, timeouts: {implicit: 0, pageLoad: 300000, script: 30000}, unhandledPromptBehavior: dismiss and notify, webauthn:extension:credBlob: true, webauthn:extension:largeBlob: true, webauthn:virtualAuthenticators: true}
Element: [[ChromeDriver: chrome on WINDOWS (905221734c06ff9d02eec08c67acba26)] -> css selector: a[href^='/logout']]
Session ID: 905221734c06ff9d02eec08c67acba26
15:09:23.809  INFO  tests.TestBase - Start test with name ---->addNewCarSuccess
15:09:23.816  INFO  manager.MyListener - New Before find by --> By.cssSelector: a[href^='/logout']
15:09:23.991  INFO  manager.MyListener - WebDriver start find element -->By.xpath: //a[@id='1']
15:09:26.038  INFO  manager.MyListener - The name of method with error -->click
15:09:26.040  INFO  manager.MyListener - We have a problem ---> org.openqa.selenium.ElementClickInterceptedException: element click intercepted: Element <a _ngcontent-dee-c25="" class="navigation-link" id="1" href="/let-car-work">...</a> is not clickable at point (814, 34). Other element would receive the click: <div class="cdk-overlay-backdrop cdk-overlay-dark-backdrop cdk-overlay-backdrop-showing"></div>
  (Session info: chrome=103.0.5060.114)
Build info: version: '4.2.2', revision: '683ccb65d6'
System info: host: 'ALEXPC', ip: '192.168.1.108', os.name: 'Windows 8.1', os.arch: 'amd64', os.version: '6.3', java.version: '11.0.15.1'
Driver info: org.openqa.selenium.chrome.ChromeDriver
Command: [905221734c06ff9d02eec08c67acba26, clickElement {id=4720675e-d6d0-4e77-b62b-c2261c9cbcfa}]
Capabilities {acceptInsecureCerts: false, browserName: chrome, browserVersion: 103.0.5060.114, chrome: {chromedriverVersion: 103.0.5060.53 (a1711811edd7..., userDataDir: C:\Users\alex\AppData\Local...}, goog:chromeOptions: {debuggerAddress: localhost:60531}, networkConnectionEnabled: false, pageLoadStrategy: normal, platformName: WINDOWS, proxy: Proxy(), se:cdp: ws://localhost:60531/devtoo..., se:cdpVersion: 103.0.5060.114, setWindowRect: true, strictFileInteractability: false, timeouts: {implicit: 0, pageLoad: 300000, script: 30000}, unhandledPromptBehavior: dismiss and notify, webauthn:extension:credBlob: true, webauthn:extension:largeBlob: true, webauthn:virtualAuthenticators: true}
Element: [[ChromeDriver: chrome on WINDOWS (905221734c06ff9d02eec08c67acba26)] -> xpath: //a[@id='1']]
Session ID: 905221734c06ff9d02eec08c67acba26
15:09:26.048  INFO  manager.MyListener - WebDriver start find element -->By.xpath: //button[text()='Search cars']
15:09:26.590  INFO  manager.MyListener - The name of method with error -->findElement
15:09:26.660  INFO  manager.MyListener - We have a problem ---> org.openqa.selenium.NoSuchElementException: Unable to find element with locator By.xpath: //button[text()='Search cars']
For documentation on this error, please visit: https://selenium.dev/exceptions/#no_such_element
Build info: version: '4.2.2', revision: '683ccb65d6'
System info: host: 'ALEXPC', ip: '192.168.1.108', os.name: 'Windows 8.1', os.arch: 'amd64', os.version: '6.3', java.version: '11.0.15.1'
Driver info: driver.version: unknown
15:09:26.685  INFO  tests.TestBase - Start test with name ---->searchAnyPeriod
15:09:26.717  INFO  manager.MyListener - WebDriver start find element -->By.cssSelector: .logo
15:09:27.062  INFO  manager.MyListener - The name of method with error -->findElement
15:09:27.063  INFO  manager.MyListener - We have a problem ---> org.openqa.selenium.NoSuchWindowException: no such window: target window already closed
from unknown error: web view not found
  (Session info: chrome=103.0.5060.114)
Build info: version: '4.2.2', revision: '683ccb65d6'
System info: host: 'ALEXPC', ip: '192.168.1.108', os.name: 'Windows 8.1', os.arch: 'amd64', os.version: '6.3', java.version: '11.0.15.1'
Driver info: org.openqa.selenium.chrome.ChromeDriver
Command: [905221734c06ff9d02eec08c67acba26, findElement {using=css selector, value=.logo}]
Capabilities {acceptInsecureCerts: false, browserName: chrome, browserVersion: 103.0.5060.114, chrome: {chromedriverVersion: 103.0.5060.53 (a1711811edd7..., userDataDir: C:\Users\alex\AppData\Local...}, goog:chromeOptions: {debuggerAddress: localhost:60531}, networkConnectionEnabled: false, pageLoadStrategy: normal, platformName: WINDOWS, proxy: Proxy(), se:cdp: ws://localhost:60531/devtoo..., se:cdpVersion: 103.0.5060.114, setWindowRect: true, strictFileInteractability: false, timeouts: {implicit: 0, pageLoad: 300000, script: 30000}, unhandledPromptBehavior: dismiss and notify, webauthn:extension:credBlob: true, webauthn:extension:largeBlob: true, webauthn:virtualAuthenticators: true}
Session ID: 905221734c06ff9d02eec08c67acba26
