18:22:19.450  INFO  manager.ApplicationManager - All Tests run in Chrome Driver ------>
18:22:38.341  INFO  manager.ApplicationManager - Current Url --->https://ilcarro-1578153671498.web.app/search
18:22:38.731  INFO  tests.TestBase - Start test with name ---->addNewCarSuccess
18:22:38.742  INFO  manager.MyListener - New Before find by --> By.cssSelector: a[href^='/logout']
18:22:43.840  INFO  manager.MyListener - WebDriver start find element -->By.xpath: //a[text()=' Log in ']
18:22:44.620  INFO  manager.MyListener - WebDriver start find element -->By.id: email
18:22:46.481  INFO  manager.MyListener - WebDriver start find element -->By.id: password
18:22:47.504  INFO  manager.MyListener - WebDriver start find element -->By.cssSelector: button[type='submit']
18:22:48.129  INFO  manager.MyListener - WebDriver start find element -->By.cssSelector: button[type='submit']
18:22:48.721  INFO  manager.MyListener - New Before find by --> By.xpath: //button[text()='Ok']
18:22:53.881  INFO  manager.MyListener - WebDriver start find element -->By.xpath: //a[@id='1']
18:22:55.305  INFO  manager.MyListener - WebDriver start find element -->By.id: pickUpPlace
18:22:58.254  INFO  manager.MyListener - WebDriver start find element -->By.cssSelector: div.pac-item
18:23:03.403  INFO  manager.MyListener - The name of method with error -->findElement
18:23:03.424  INFO  manager.MyListener - We have a problem ---> org.openqa.selenium.NoSuchElementException: no such element: Unable to locate element: {"method":"css selector","selector":"div.pac-item"}
  (Session info: chrome=103.0.5060.114)
For documentation on this error, please visit: https://selenium.dev/exceptions/#no_such_element
Build info: version: '4.2.2', revision: '683ccb65d6'
System info: host: 'ALEXPC', ip: '192.168.1.108', os.name: 'Windows 8.1', os.arch: 'amd64', os.version: '6.3', java.version: '11.0.15.1'
Driver info: org.openqa.selenium.chrome.ChromeDriver
Command: [b56572b83d528a9ba568df02e2b8e94a, findElement {using=css selector, value=div.pac-item}]
Capabilities {acceptInsecureCerts: false, browserName: chrome, browserVersion: 103.0.5060.114, chrome: {chromedriverVersion: 103.0.5060.53 (a1711811edd7..., userDataDir: C:\Users\alex\AppData\Local...}, goog:chromeOptions: {debuggerAddress: localhost:57990}, networkConnectionEnabled: false, pageLoadStrategy: normal, platformName: WINDOWS, proxy: Proxy(), se:cdp: ws://localhost:57990/devtoo..., se:cdpVersion: 103.0.5060.114, setWindowRect: true, strictFileInteractability: false, timeouts: {implicit: 0, pageLoad: 300000, script: 30000}, unhandledPromptBehavior: dismiss and notify, webauthn:extension:credBlob: true, webauthn:extension:largeBlob: true, webauthn:virtualAuthenticators: true}
Session ID: b56572b83d528a9ba568df02e2b8e94a
18:23:03.568  INFO  manager.MyListener - WebDriver start find element -->By.xpath: //button[text()='Search cars']
18:23:08.715  INFO  manager.MyListener - The name of method with error -->findElement
18:23:08.717  INFO  manager.MyListener - We have a problem ---> org.openqa.selenium.NoSuchElementException: no such element: Unable to locate element: {"method":"xpath","selector":"//button[text()='Search cars']"}
  (Session info: chrome=103.0.5060.114)
For documentation on this error, please visit: https://selenium.dev/exceptions/#no_such_element
Build info: version: '4.2.2', revision: '683ccb65d6'
System info: host: 'ALEXPC', ip: '192.168.1.108', os.name: 'Windows 8.1', os.arch: 'amd64', os.version: '6.3', java.version: '11.0.15.1'
Driver info: org.openqa.selenium.chrome.ChromeDriver
Command: [b56572b83d528a9ba568df02e2b8e94a, findElement {using=xpath, value=//button[text()='Search cars']}]
Capabilities {acceptInsecureCerts: false, browserName: chrome, browserVersion: 103.0.5060.114, chrome: {chromedriverVersion: 103.0.5060.53 (a1711811edd7..., userDataDir: C:\Users\alex\AppData\Local...}, goog:chromeOptions: {debuggerAddress: localhost:57990}, networkConnectionEnabled: false, pageLoadStrategy: normal, platformName: WINDOWS, proxy: Proxy(), se:cdp: ws://localhost:57990/devtoo..., se:cdpVersion: 103.0.5060.114, setWindowRect: true, strictFileInteractability: false, timeouts: {implicit: 0, pageLoad: 300000, script: 30000}, unhandledPromptBehavior: dismiss and notify, webauthn:extension:credBlob: true, webauthn:extension:largeBlob: true, webauthn:virtualAuthenticators: true}
Session ID: b56572b83d528a9ba568df02e2b8e94a
