18:24:23.334  INFO  manager.ApplicationManager - All Tests run in Chrome Driver ------>
18:25:42.873  INFO  manager.ApplicationManager - Current Url --->https://ilcarro-1578153671498.web.app/search
18:25:43.074  INFO  tests.TestBase - Start test with name ---->searchAnyPeriod
18:25:43.082  INFO  manager.MyListener - WebDriver start find element -->By.id: city
18:25:45.456  INFO  manager.MyListener - WebDriver start find element -->By.cssSelector: .pac-item
18:25:45.611  INFO  manager.MyListener - WebDriver start find element -->By.id: dates
18:25:45.915  INFO  manager.MyListener - WebDriver start find element -->By.id: dates
18:25:46.302  INFO  manager.MyListener - WebDriver start find element -->By.cssSelector: [aria-label='Next month']
18:25:46.497  INFO  manager.MyListener - WebDriver start find element -->By.xpath: //div[text()=' 10 ']
18:25:46.712  INFO  manager.MyListener - WebDriver start find element -->By.cssSelector: [aria-label='Next month']
18:25:46.895  INFO  manager.MyListener - WebDriver start find element -->By.cssSelector: [aria-label='Next month']
18:25:47.105  INFO  manager.MyListener - WebDriver start find element -->By.cssSelector: [aria-label='Next month']
18:25:47.386  INFO  manager.MyListener - WebDriver start find element -->By.cssSelector: [aria-label='Next month']
18:25:47.670  INFO  manager.MyListener - WebDriver start find element -->By.cssSelector: [aria-label='Next month']
18:25:47.933  INFO  manager.MyListener - WebDriver start find element -->By.cssSelector: [aria-label='Next month']
18:25:48.102  INFO  manager.MyListener - WebDriver start find element -->By.cssSelector: [aria-label='Next month']
18:25:48.237  INFO  manager.MyListener - WebDriver start find element -->By.xpath: //div[text()=' 20 ']
18:25:48.384  INFO  manager.MyListener - WebDriver start find element -->By.cssSelector: button[type='submit']
18:25:48.518  INFO  manager.MyListener - WebDriver start find element -->By.cssSelector: button[type='submit']
18:25:48.778  INFO  manager.MyListener - New Before find by --> By.cssSelector: .car-img-container.ng-star-inserted
18:25:54.151  INFO  tests.TestBase - Start test with name ---->searchCurrentMonth
18:25:54.154  INFO  manager.MyListener - WebDriver start find element -->By.id: city
18:25:57.396  INFO  manager.MyListener - WebDriver start find element -->By.cssSelector: .pac-item
18:25:57.534  INFO  manager.MyListener - WebDriver start find element -->By.id: dates
18:26:02.560  INFO  manager.MyListener - The name of method with error -->findElement
18:26:02.567  INFO  manager.MyListener - We have a problem ---> org.openqa.selenium.NoSuchElementException: no such element: Unable to locate element: {"method":"css selector","selector":"#dates"}
  (Session info: chrome=103.0.5060.114)
For documentation on this error, please visit: https://selenium.dev/exceptions/#no_such_element
Build info: version: '4.2.2', revision: '683ccb65d6'
System info: host: 'ALEXPC', ip: '192.168.1.108', os.name: 'Windows 8.1', os.arch: 'amd64', os.version: '6.3', java.version: '11.0.15.1'
Driver info: org.openqa.selenium.chrome.ChromeDriver
Command: [a2e71f20f6a99df8149dcc18466b8455, findElement {using=id, value=dates}]
Capabilities {acceptInsecureCerts: false, browserName: chrome, browserVersion: 103.0.5060.114, chrome: {chromedriverVersion: 103.0.5060.53 (a1711811edd7..., userDataDir: C:\Users\alex\AppData\Local...}, goog:chromeOptions: {debuggerAddress: localhost:64245}, networkConnectionEnabled: false, pageLoadStrategy: normal, platformName: WINDOWS, proxy: Proxy(), se:cdp: ws://localhost:64245/devtoo..., se:cdpVersion: 103.0.5060.114, setWindowRect: true, strictFileInteractability: false, timeouts: {implicit: 0, pageLoad: 300000, script: 30000}, unhandledPromptBehavior: dismiss and notify, webauthn:extension:credBlob: true, webauthn:extension:largeBlob: true, webauthn:virtualAuthenticators: true}
Session ID: a2e71f20f6a99df8149dcc18466b8455
18:26:02.572  INFO  tests.TestBase - Start test with name ---->searchCurrentYear
18:26:02.573  INFO  manager.MyListener - WebDriver start find element -->By.id: city
18:26:04.959  INFO  manager.MyListener - WebDriver start find element -->By.cssSelector: .pac-item
18:26:05.077  INFO  manager.MyListener - WebDriver start find element -->By.id: dates
18:26:10.107  INFO  manager.MyListener - The name of method with error -->findElement
18:26:10.110  INFO  manager.MyListener - We have a problem ---> org.openqa.selenium.NoSuchElementException: no such element: Unable to locate element: {"method":"css selector","selector":"#dates"}
  (Session info: chrome=103.0.5060.114)
For documentation on this error, please visit: https://selenium.dev/exceptions/#no_such_element
Build info: version: '4.2.2', revision: '683ccb65d6'
System info: host: 'ALEXPC', ip: '192.168.1.108', os.name: 'Windows 8.1', os.arch: 'amd64', os.version: '6.3', java.version: '11.0.15.1'
Driver info: org.openqa.selenium.chrome.ChromeDriver
Command: [a2e71f20f6a99df8149dcc18466b8455, findElement {using=id, value=dates}]
Capabilities {acceptInsecureCerts: false, browserName: chrome, browserVersion: 103.0.5060.114, chrome: {chromedriverVersion: 103.0.5060.53 (a1711811edd7..., userDataDir: C:\Users\alex\AppData\Local...}, goog:chromeOptions: {debuggerAddress: localhost:64245}, networkConnectionEnabled: false, pageLoadStrategy: normal, platformName: WINDOWS, proxy: Proxy(), se:cdp: ws://localhost:64245/devtoo..., se:cdpVersion: 103.0.5060.114, setWindowRect: true, strictFileInteractability: false, timeouts: {implicit: 0, pageLoad: 300000, script: 30000}, unhandledPromptBehavior: dismiss and notify, webauthn:extension:credBlob: true, webauthn:extension:largeBlob: true, webauthn:virtualAuthenticators: true}
Session ID: a2e71f20f6a99df8149dcc18466b8455
18:26:10.124  INFO  tests.TestBase - Start test with name ---->searchCurrentYearLocalDate
18:26:10.126  INFO  manager.MyListener - WebDriver start find element -->By.id: city
18:26:12.609  INFO  manager.MyListener - WebDriver start find element -->By.cssSelector: .pac-item
18:26:12.728  INFO  manager.MyListener - WebDriver start find element -->By.id: dates
18:26:17.769  INFO  manager.MyListener - The name of method with error -->findElement
18:26:17.770  INFO  manager.MyListener - We have a problem ---> org.openqa.selenium.NoSuchElementException: no such element: Unable to locate element: {"method":"css selector","selector":"#dates"}
  (Session info: chrome=103.0.5060.114)
For documentation on this error, please visit: https://selenium.dev/exceptions/#no_such_element
Build info: version: '4.2.2', revision: '683ccb65d6'
System info: host: 'ALEXPC', ip: '192.168.1.108', os.name: 'Windows 8.1', os.arch: 'amd64', os.version: '6.3', java.version: '11.0.15.1'
Driver info: org.openqa.selenium.chrome.ChromeDriver
Command: [a2e71f20f6a99df8149dcc18466b8455, findElement {using=id, value=dates}]
Capabilities {acceptInsecureCerts: false, browserName: chrome, browserVersion: 103.0.5060.114, chrome: {chromedriverVersion: 103.0.5060.53 (a1711811edd7..., userDataDir: C:\Users\alex\AppData\Local...}, goog:chromeOptions: {debuggerAddress: localhost:64245}, networkConnectionEnabled: false, pageLoadStrategy: normal, platformName: WINDOWS, proxy: Proxy(), se:cdp: ws://localhost:64245/devtoo..., se:cdpVersion: 103.0.5060.114, setWindowRect: true, strictFileInteractability: false, timeouts: {implicit: 0, pageLoad: 300000, script: 30000}, unhandledPromptBehavior: dismiss and notify, webauthn:extension:credBlob: true, webauthn:extension:largeBlob: true, webauthn:virtualAuthenticators: true}
Session ID: a2e71f20f6a99df8149dcc18466b8455
18:26:17.778  INFO  tests.TestBase - Start test with name ---->searchPeriodPast
18:26:17.790  INFO  manager.MyListener - WebDriver start find element -->By.id: city
18:26:20.121  INFO  manager.MyListener - WebDriver start find element -->By.cssSelector: .pac-item
18:26:20.252  INFO  manager.MyListener - WebDriver start find element -->By.cssSelector: #dates
18:26:25.283  INFO  manager.MyListener - The name of method with error -->findElement
18:26:25.284  INFO  manager.MyListener - We have a problem ---> org.openqa.selenium.NoSuchElementException: no such element: Unable to locate element: {"method":"css selector","selector":"#dates"}
  (Session info: chrome=103.0.5060.114)
For documentation on this error, please visit: https://selenium.dev/exceptions/#no_such_element
Build info: version: '4.2.2', revision: '683ccb65d6'
System info: host: 'ALEXPC', ip: '192.168.1.108', os.name: 'Windows 8.1', os.arch: 'amd64', os.version: '6.3', java.version: '11.0.15.1'
Driver info: org.openqa.selenium.chrome.ChromeDriver
Command: [a2e71f20f6a99df8149dcc18466b8455, findElement {using=css selector, value=#dates}]
Capabilities {acceptInsecureCerts: false, browserName: chrome, browserVersion: 103.0.5060.114, chrome: {chromedriverVersion: 103.0.5060.53 (a1711811edd7..., userDataDir: C:\Users\alex\AppData\Local...}, goog:chromeOptions: {debuggerAddress: localhost:64245}, networkConnectionEnabled: false, pageLoadStrategy: normal, platformName: WINDOWS, proxy: Proxy(), se:cdp: ws://localhost:64245/devtoo..., se:cdpVersion: 103.0.5060.114, setWindowRect: true, strictFileInteractability: false, timeouts: {implicit: 0, pageLoad: 300000, script: 30000}, unhandledPromptBehavior: dismiss and notify, webauthn:extension:credBlob: true, webauthn:extension:largeBlob: true, webauthn:virtualAuthenticators: true}
Session ID: a2e71f20f6a99df8149dcc18466b8455
