15:20:54.248  INFO  manager.ApplicationManager - All Tests run in Chrome Driver ------>
15:21:36.624  INFO  manager.ApplicationManager - Current Url --->https://ilcarro-1578153671498.web.app/search
15:21:37.335  INFO  tests.TestBase - Start test with name ---->loginSuccess
15:21:37.347  INFO  manager.MyListener - New Before find by --> By.cssSelector: a[href^='/logout']
15:21:42.587  INFO  tests.TestBase - Test start with email : noa@gmail.com & password: Nnoa12345$
15:21:42.589  INFO  manager.MyListener - WebDriver start find element -->By.xpath: //a[text()=' Log in ']
15:21:44.251  INFO  manager.MyListener - WebDriver start find element -->By.id: email
15:21:52.980  INFO  manager.MyListener - WebDriver start find element -->By.id: password
15:21:54.133  INFO  manager.MyListener - WebDriver start find element -->By.cssSelector: button[type='submit']
15:21:54.833  INFO  manager.MyListener - WebDriver start find element -->By.cssSelector: button[type='submit']
15:21:55.436  INFO  tests.TestBase - Logged------>
15:21:57.512  INFO  manager.MyListener - WebDriver start find element -->By.cssSelector: div.dialog-container
15:21:58.576  INFO  manager.MyListener - WebDriver start find element -->By.cssSelector: div.dialog-container h1
15:21:59.177  INFO  manager.MyListener - New Before find by --> By.xpath: //button[text()='Ok']
15:21:59.298  INFO  manager.MyListener - WebDriver start find element -->By.xpath: //button[text()='Ok']
15:21:59.799  INFO  tests.TestBase - Start test with name ---->loginSuccess
15:21:59.807  INFO  manager.MyListener - New Before find by --> By.cssSelector: a[href^='/logout']
15:22:00.301  INFO  manager.MyListener - WebDriver start find element -->By.cssSelector: a[href^='/logout']
15:22:01.218  INFO  tests.TestBase - Test start with logout
15:22:01.222  INFO  tests.TestBase - Test start with email : tanya@gmail.ru & password: Ttanya123$
15:22:01.224  INFO  manager.MyListener - WebDriver start find element -->By.xpath: //a[text()=' Log in ']
15:22:01.625  INFO  manager.MyListener - WebDriver start find element -->By.id: email
15:22:06.652  INFO  manager.MyListener - WebDriver start find element -->By.id: password
15:22:08.012  INFO  manager.MyListener - WebDriver start find element -->By.cssSelector: button[type='submit']
15:22:08.389  INFO  manager.MyListener - WebDriver start find element -->By.cssSelector: button[type='submit']
15:22:08.763  INFO  tests.TestBase - Logged------>
15:22:10.799  INFO  manager.MyListener - WebDriver start find element -->By.cssSelector: div.dialog-container
15:22:11.282  INFO  manager.MyListener - WebDriver start find element -->By.cssSelector: div.dialog-container h1
15:22:11.604  INFO  manager.MyListener - New Before find by --> By.xpath: //button[text()='Ok']
15:22:11.688  INFO  manager.MyListener - WebDriver start find element -->By.xpath: //button[text()='Ok']
15:22:12.081  INFO  tests.TestBase - Start test with name ---->loginSuccess
15:22:12.084  INFO  manager.MyListener - New Before find by --> By.cssSelector: a[href^='/logout']
15:22:13.139  INFO  manager.MyListener - WebDriver start find element -->By.cssSelector: a[href^='/logout']
15:22:15.835  INFO  tests.TestBase - Test start with logout
15:22:15.840  INFO  tests.TestBase - Test start with email : noa@gmail.com & password: Nnoa12345$
15:22:15.841  INFO  manager.MyListener - WebDriver start find element -->By.xpath: //a[text()=' Log in ']
15:22:17.013  INFO  manager.MyListener - WebDriver start find element -->By.id: email
15:22:22.258  INFO  manager.MyListener - WebDriver start find element -->By.id: password
15:22:23.704  INFO  manager.MyListener - WebDriver start find element -->By.cssSelector: button[type='submit']
15:22:23.967  INFO  manager.MyListener - WebDriver start find element -->By.cssSelector: button[type='submit']
15:22:24.743  INFO  tests.TestBase - Logged------>
15:22:26.788  INFO  manager.MyListener - WebDriver start find element -->By.cssSelector: div.dialog-container
15:22:32.045  INFO  manager.MyListener - The name of method with error -->findElement
15:22:32.239  INFO  manager.MyListener - We have a problem ---> org.openqa.selenium.NoSuchElementException: no such element: Unable to locate element: {"method":"css selector","selector":"div.dialog-container"}
  (Session info: chrome=103.0.5060.114)
For documentation on this error, please visit: https://selenium.dev/exceptions/#no_such_element
Build info: version: '4.2.2', revision: '683ccb65d6'
System info: host: 'ALEXPC', ip: '192.168.1.108', os.name: 'Windows 8.1', os.arch: 'amd64', os.version: '6.3', java.version: '11.0.15.1'
Driver info: org.openqa.selenium.chrome.ChromeDriver
Command: [7b23c44739b3a3b80cb6765fa073829a, findElement {using=css selector, value=div.dialog-container}]
Capabilities {acceptInsecureCerts: false, browserName: chrome, browserVersion: 103.0.5060.114, chrome: {chromedriverVersion: 103.0.5060.53 (a1711811edd7..., userDataDir: C:\Users\alex\AppData\Local...}, goog:chromeOptions: {debuggerAddress: localhost:61094}, networkConnectionEnabled: false, pageLoadStrategy: normal, platformName: WINDOWS, proxy: Proxy(), se:cdp: ws://localhost:61094/devtoo..., se:cdpVersion: 103.0.5060.114, setWindowRect: true, strictFileInteractability: false, timeouts: {implicit: 0, pageLoad: 300000, script: 30000}, unhandledPromptBehavior: dismiss and notify, webauthn:extension:credBlob: true, webauthn:extension:largeBlob: true, webauthn:virtualAuthenticators: true}
Session ID: 7b23c44739b3a3b80cb6765fa073829a
15:22:32.329  INFO  manager.MyListener - New Before find by --> By.xpath: //button[text()='Ok']
15:22:37.610  INFO  tests.TestBase - Start test with name ---->loginSuccess
15:22:37.614  INFO  manager.MyListener - New Before find by --> By.cssSelector: a[href^='/logout']
15:22:39.894  INFO  manager.MyListener - WebDriver start find element -->By.cssSelector: a[href^='/logout']
15:22:41.774  INFO  manager.MyListener - The name of method with error -->click
15:22:41.775  INFO  manager.MyListener - We have a problem ---> org.openqa.selenium.ElementClickInterceptedException: element click intercepted: Element <a _ngcontent-edd-c25="" class="navigation-link ng-star-inserted" href="/logout?url=%2Fsearch">...</a> is not clickable at point (1126, 34). Other element would receive the click: <div class="cdk-overlay-backdrop cdk-overlay-dark-backdrop cdk-overlay-backdrop-showing"></div>
  (Session info: chrome=103.0.5060.114)
Build info: version: '4.2.2', revision: '683ccb65d6'
System info: host: 'ALEXPC', ip: '192.168.1.108', os.name: 'Windows 8.1', os.arch: 'amd64', os.version: '6.3', java.version: '11.0.15.1'
Driver info: org.openqa.selenium.chrome.ChromeDriver
Command: [7b23c44739b3a3b80cb6765fa073829a, clickElement {id=6bd8e4be-3513-498c-8a1e-d98cdf7102fe}]
Capabilities {acceptInsecureCerts: false, browserName: chrome, browserVersion: 103.0.5060.114, chrome: {chromedriverVersion: 103.0.5060.53 (a1711811edd7..., userDataDir: C:\Users\alex\AppData\Local...}, goog:chromeOptions: {debuggerAddress: localhost:61094}, networkConnectionEnabled: false, pageLoadStrategy: normal, platformName: WINDOWS, proxy: Proxy(), se:cdp: ws://localhost:61094/devtoo..., se:cdpVersion: 103.0.5060.114, setWindowRect: true, strictFileInteractability: false, timeouts: {implicit: 0, pageLoad: 300000, script: 30000}, unhandledPromptBehavior: dismiss and notify, webauthn:extension:credBlob: true, webauthn:extension:largeBlob: true, webauthn:virtualAuthenticators: true}
Element: [[ChromeDriver: chrome on WINDOWS (7b23c44739b3a3b80cb6765fa073829a)] -> css selector: a[href^='/logout']]
Session ID: 7b23c44739b3a3b80cb6765fa073829a
